<?xml version="1.0" encoding="UTF-8"?>
<!-- Generated by org.testng.reporters.JUnitXMLReporter -->
<testsuite hostname="LAPTOP-8P0SMJ2T" ignored="1" name="hub spot regression Test" tests="3" failures="0" timestamp="14 Mar 2020 07:40:41 GMT" time="29.591" errors="0">
  <testcase name="verifyLoginPageTitleTest" time="4.069" classname="com.qa.hubspot.tests.LoginPageTest"/>
  <testcase name="verifySignUpLinkTest" time="1.342" classname="com.qa.hubspot.tests.LoginPageTest"/>
  <testcase name="doLoginTest" time="6.834" classname="com.qa.hubspot.tests.LoginPageTest"/>
  <testcase name="login_InvalidTestCases" time="0.0" classname="com.qa.hubspot.tests.LoginPageTest">
    <ignored/>
  </testcase> <!-- login_InvalidTestCases -->
</testsuite> <!-- hub spot regression Test -->
