<?xml version="1.0" encoding="UTF-8"?>
<!-- Generated by org.testng.reporters.JUnitXMLReporter -->
<testsuite hostname="LAPTOP-8P0SMJ2T" ignored="1" name="Hub Spot Functional Regression Test - chrome" tests="3" failures="0" timestamp="2020-03-16T20:46:55 IST" time="57.163" errors="0">
  <testcase name="verifyLoginPageTitleTest" time="4.895" classname="com.qa.hubspot.tests.LoginPageTest"/>
  <testcase name="verifySignUpLinkTest" time="5.581" classname="com.qa.hubspot.tests.LoginPageTest"/>
  <testcase name="doLoginTest" time="13.344" classname="com.qa.hubspot.tests.LoginPageTest"/>
  <testcase name="login_InvalidTestCases" time="0.0" classname="com.qa.hubspot.tests.LoginPageTest">
    <ignored/>
  </testcase> <!-- login_InvalidTestCases -->
</testsuite> <!-- Hub Spot Functional Regression Test - chrome -->
