<?xml version="1.0" encoding="UTF-8"?>
<!-- Generated by org.testng.reporters.JUnitXMLReporter -->
<testsuite hostname="LAPTOP-8P0SMJ2T" ignored="0" name="Default test" tests="3" failures="0" timestamp="2020-03-14T16:33:52 IST" time="89.461" errors="0">
  <testcase name="verifyContactsPageTitle" time="0.184" classname="com.qa.hubspot.tests.ContactsPageTest"/>
  <testcase name="createContactsTest" time="6.814" classname="com.qa.hubspot.tests.ContactsPageTest"/>
  <testcase name="createContactsTest" time="7.197" classname="com.qa.hubspot.tests.ContactsPageTest"/>
</testsuite> <!-- Default test -->
