<?xml version="1.0" encoding="UTF-8"?>
<!-- Generated by org.testng.reporters.JUnitXMLReporter -->
<testsuite hostname="LAPTOP-8P0SMJ2T" ignored="1" name="Default test" tests="3" failures="0" timestamp="2020-03-18T14:00:08 IST" time="55.667" errors="0">
  <testcase name="verifyLoginPageTitleTest" time="5.003" classname="com.qa.hubspot.tests.LoginPageTest"/>
  <testcase name="verifySignUpLinkTest" time="5.757" classname="com.qa.hubspot.tests.LoginPageTest"/>
  <testcase name="doLoginTest" time="12.198" classname="com.qa.hubspot.tests.LoginPageTest"/>
  <testcase name="login_InvalidTestCases" time="0.0" classname="com.qa.hubspot.tests.LoginPageTest">
    <ignored/>
  </testcase> <!-- login_InvalidTestCases -->
</testsuite> <!-- Default test -->
