<?xml version="1.0" encoding="UTF-8"?>
<testng-results skipped="0" failed="0" ignored="1" total="4" passed="3">
  <reporter-output>
  </reporter-output>
  <suite name="Hub Spot Test Suite" duration-ms="29591" started-at="2020-03-14T07:40:11Z" finished-at="2020-03-14T07:40:41Z">
    <groups>
    </groups>
    <test name="hub spot regression Test" duration-ms="29591" started-at="2020-03-14T07:40:11Z" finished-at="2020-03-14T07:40:41Z">
      <class name="com.qa.hubspot.tests.LoginPageTest">
        <test-method status="PASS" signature="setUp()[pri:0, instance:com.qa.hubspot.tests.LoginPageTest@1dd92fe2]" name="setUp" is-config="true" duration-ms="9378" started-at="2020-03-14T07:40:12Z" finished-at="2020-03-14T07:40:21Z">
          <reporter-output>
          </reporter-output>
        </test-method> <!-- setUp -->
        <test-method status="PASS" signature="verifyLoginPageTitleTest()[pri:1, instance:com.qa.hubspot.tests.LoginPageTest@1dd92fe2]" name="verifyLoginPageTitleTest" duration-ms="4069" started-at="2020-03-14T07:40:21Z" finished-at="2020-03-14T07:40:25Z">
          <reporter-output>
          </reporter-output>
        </test-method> <!-- verifyLoginPageTitleTest -->
        <test-method status="PASS" signature="verifySignUpLinkTest()[pri:2, instance:com.qa.hubspot.tests.LoginPageTest@1dd92fe2]" name="verifySignUpLinkTest" duration-ms="1342" started-at="2020-03-14T07:40:25Z" finished-at="2020-03-14T07:40:26Z">
          <reporter-output>
          </reporter-output>
        </test-method> <!-- verifySignUpLinkTest -->
        <test-method status="PASS" signature="doLoginTest()[pri:3, instance:com.qa.hubspot.tests.LoginPageTest@1dd92fe2]" name="doLoginTest" duration-ms="6834" started-at="2020-03-14T07:40:26Z" finished-at="2020-03-14T07:40:33Z">
          <reporter-output>
          </reporter-output>
        </test-method> <!-- doLoginTest -->
        <test-method status="PASS" signature="tearDown()[pri:0, instance:com.qa.hubspot.tests.LoginPageTest@1dd92fe2]" name="tearDown" is-config="true" duration-ms="7774" started-at="2020-03-14T07:40:33Z" finished-at="2020-03-14T07:40:41Z">
          <reporter-output>
          </reporter-output>
        </test-method> <!-- tearDown -->
      </class> <!-- com.qa.hubspot.tests.LoginPageTest -->
    </test> <!-- hub spot regression Test -->
  </suite> <!-- Hub Spot Test Suite -->
</testng-results>
