<?xml version="1.0" encoding="UTF-8"?>
<!-- Generated by org.testng.reporters.JUnitXMLReporter -->
<testsuite hostname="LAPTOP-8P0SMJ2T" ignored="0" name="hub spot regression Test" tests="6" failures="0" timestamp="2020-03-09T13:59:45 IST" time="35.673" errors="0">
  <testcase name="doLoginTest" time="6.509" classname="com.qa.hubspot.tests.LoginPageTest"/>
  <testcase name="verifyLoginPageTitleTest" time="0.012" classname="com.qa.hubspot.tests.LoginPageTest"/>
  <testcase name="verifySignUpLinkTest" time="0.063" classname="com.qa.hubspot.tests.LoginPageTest"/>
  <testcase name="verifyHomePageTitleTest" time="0.008" classname="com.qa.hubspot.tests.HomePageTest"/>
  <testcase name="verifyHomePageHeaderTest" time="0.067" classname="com.qa.hubspot.tests.HomePageTest"/>
  <testcase name="verifyLoggedInUserAccountName" time="0.04" classname="com.qa.hubspot.tests.HomePageTest"/>
</testsuite> <!-- hub spot regression Test -->
