<?xml version="1.0" encoding="UTF-8"?>
<!-- Generated by org.testng.reporters.JUnitXMLReporter -->
<testsuite hostname="LAPTOP-8P0SMJ2T" ignored="1" name="hub spot Function Regression Test - firefox" tests="6" failures="0" timestamp="2020-03-16T18:51:13 IST" time="57.58" errors="0">
  <testcase name="verifyLoginPageTitleTest" time="4.997" classname="com.qa.hubspot.tests.LoginPageTest"/>
  <testcase name="verifyLoginPageTitleTest" time="5.776" classname="com.qa.hubspot.tests.LoginPageTest"/>
  <testcase name="verifySignUpLinkTest" time="5.513" classname="com.qa.hubspot.tests.LoginPageTest"/>
  <testcase name="verifySignUpLinkTest" time="6.918" classname="com.qa.hubspot.tests.LoginPageTest"/>
  <testcase name="doLoginTest" time="12.048" classname="com.qa.hubspot.tests.LoginPageTest"/>
  <testcase name="doLoginTest" time="11.979" classname="com.qa.hubspot.tests.LoginPageTest"/>
  <testcase name="login_InvalidTestCases" time="0.0" classname="com.qa.hubspot.tests.LoginPageTest">
    <ignored/>
  </testcase> <!-- login_InvalidTestCases -->
</testsuite> <!-- hub spot Function Regression Test - firefox -->
