<?xml version="1.0" encoding="UTF-8"?>
<!-- Generated by org.testng.reporters.JUnitXMLReporter -->
<testsuite hostname="LAPTOP-8P0SMJ2T" ignored="1" name="hub spot Function Regression Test - FF" tests="0" failures="0" timestamp="2020-03-16T20:35:20 IST" time="0.074" errors="0">
  <testcase name="login_InvalidTestCases" time="0.0" classname="com.qa.hubspot.tests.LoginPageTest">
    <ignored/>
  </testcase> <!-- login_InvalidTestCases -->
</testsuite> <!-- hub spot Function Regression Test - FF -->
