<?xml version="1.0" encoding="UTF-8"?>
<!-- Generated by org.testng.reporters.JUnitXMLReporter -->
<testsuite hostname="LAPTOP-8P0SMJ2T" ignored="1" name="hub spot Function Regression Test" tests="3" failures="0" timestamp="2020-03-18T17:23:15 IST" time="59.1" errors="0">
  <testcase name="verifyLoginPageTitleTest" time="5.741" classname="com.qa.hubspot.tests.LoginPageTest"/>
  <testcase name="verifySignUpLinkTest" time="6.421" classname="com.qa.hubspot.tests.LoginPageTest"/>
  <testcase name="doLoginTest" time="11.655" classname="com.qa.hubspot.tests.LoginPageTest"/>
  <testcase name="login_InvalidTestCases" time="0.0" classname="com.qa.hubspot.tests.LoginPageTest">
    <ignored/>
  </testcase> <!-- login_InvalidTestCases -->
</testsuite> <!-- hub spot Function Regression Test -->
