<?xml version="1.0" encoding="UTF-8"?>
<!-- Generated by org.testng.reporters.JUnitXMLReporter -->
<testsuite hostname="LAPTOP-8P0SMJ2T" ignored="1" name="hub spot Function Regression Test" tests="6" failures="0" timestamp="2020-03-18T16:21:39 IST" time="74.606" errors="0">
  <testcase name="verifyLoginPageTitleTest" time="5.306" classname="com.qa.hubspot.tests.LoginPageTest"/>
  <testcase name="verifySignUpLinkTest" time="5.919" classname="com.qa.hubspot.tests.LoginPageTest"/>
  <testcase name="doLoginTest" time="11.591" classname="com.qa.hubspot.tests.LoginPageTest"/>
  <testcase name="verifyHomePageTitleTest" time="0.026" classname="com.qa.hubspot.tests.HomePageTest"/>
  <testcase name="verifyHomePageHeaderTest" time="0.651" classname="com.qa.hubspot.tests.HomePageTest"/>
  <testcase name="verifyLoggedInUserAccountName" time="0.634" classname="com.qa.hubspot.tests.HomePageTest"/>
  <testcase name="login_InvalidTestCases" time="0.0" classname="com.qa.hubspot.tests.LoginPageTest">
    <ignored/>
  </testcase> <!-- login_InvalidTestCases -->
</testsuite> <!-- hub spot Function Regression Test -->
