<?xml version="1.0" encoding="UTF-8"?>
<!-- Generated by org.testng.reporters.JUnitXMLReporter -->
<testsuite hostname="LAPTOP-8P0SMJ2T" ignored="1" name="Hub Spot Functional Regression Test - FF" tests="6" failures="0" timestamp="2020-03-16T20:43:08 IST" time="69.495" errors="0">
  <testcase name="verifyLoginPageTitleTest" time="4.061" classname="com.qa.hubspot.tests.LoginPageTest"/>
  <testcase name="verifyLoginPageTitleTest" time="4.541" classname="com.qa.hubspot.tests.LoginPageTest"/>
  <testcase name="verifySignUpLinkTest" time="5.104" classname="com.qa.hubspot.tests.LoginPageTest"/>
  <testcase name="verifySignUpLinkTest" time="5.468" classname="com.qa.hubspot.tests.LoginPageTest"/>
  <testcase name="doLoginTest" time="13.584" classname="com.qa.hubspot.tests.LoginPageTest"/>
  <testcase name="doLoginTest" time="12.125" classname="com.qa.hubspot.tests.LoginPageTest"/>
  <testcase name="login_InvalidTestCases" time="0.0" classname="com.qa.hubspot.tests.LoginPageTest">
    <ignored/>
  </testcase> <!-- login_InvalidTestCases -->
</testsuite> <!-- Hub Spot Functional Regression Test - FF -->
